<?xml version="1.0" encoding="UTF-8"?>
<testsuite xmlns:xsi="http://www.w3.org/2001/XMLSchema-instance" xsi:noNamespaceSchemaLocation="https://maven.apache.org/surefire/maven-surefire-plugin/xsd/surefire-test-report.xsd" name="TestClasses.LoginTest" time="0.714" tests="1" errors="0" skipped="0" failures="1">
  <properties>
[...]
</properties>
  <testcase name="returnLoginStatus" classname="TestClasses.LoginTest" time="0.164">
    <failure message="Welcome kyle,nkala. It is nice to see you again. ==&gt; expected: &lt;Welcome kyle,nkala. It is nice to see you again.&gt; but was: &lt;Username or password incorrect. please try again.&gt;" type="org.opentest4j.AssertionFailedError"><![CDATA[org.opentest4j.AssertionFailedError: Welcome kyle,nkala. It is nice to see you again. ==> expected: <Welcome kyle,nkala. It is nice to see you again.> but was: <Username or password incorrect. please try again.>
	at TestClasses.LoginTest.returnLoginStatus(LoginTest.java:41)
]]></failure>
  </testcase>
</testsuite>