-------------------------------------------------------------------------------
Test set: TestClasses.LoginTest
-------------------------------------------------------------------------------
Tests run: 1, Failures: 1, Errors: 0, Skipped: 0, Time elapsed: 0.714 s <<< FAILURE! - in TestClasses.LoginTest
returnLoginStatus  Time elapsed: 0.164 s  <<< FAILURE!
org.opentest4j.AssertionFailedError: Welcome kyle,nkala. It is nice to see you again. ==> expected: <Welcome kyle,nkala. It is nice to see you again.> but was: <Username or password incorrect. please try again.>
	at TestClasses.LoginTest.returnLoginStatus(LoginTest.java:41)

